<?xml version="1.0" encoding="UTF-8"?>
<!-- Generated by org.testng.reporters.JUnitReportReporter -->
<testsuite skipped="0" hostname="NOI-2870T02" name="com.ems.qa.testcases.LoginPageTest" tests="3" failures="0" timestamp="22 Jul 2020 06:34:04 GMT" time="23.709" errors="0">
  <testcase name="loginPageTitleTest" time="7.979" classname="com.ems.qa.testcases.LoginPageTest"/>
  <testcase name="emsLogoImageTest" time="7.547" classname="com.ems.qa.testcases.LoginPageTest"/>
  <testcase name="loginTest" time="8.183" classname="com.ems.qa.testcases.LoginPageTest"/>
</testsuite> <!-- com.ems.qa.testcases.LoginPageTest -->
