<?xml version="1.0" encoding="UTF-8"?>
<!-- Generated by org.testng.reporters.JUnitReportReporter -->
<testsuite skipped="0" hostname="NOI-2870T02" name="groupingFeature.GroupingExample" tests="5" failures="0" timestamp="04 Feb 2020 09:54:42 GMT" time="0.015" errors="0">
  <testcase name="testG" time="0.001" classname="groupingFeature.GroupingExample"/>
  <testcase name="testE" time="0.002" classname="groupingFeature.GroupingExample"/>
  <testcase name="testH" time="0.001" classname="groupingFeature.GroupingExample"/>
  <testcase name="testF" time="0.001" classname="groupingFeature.GroupingExample"/>
  <testcase name="testC" time="0.010" classname="groupingFeature.GroupingExample"/>
</testsuite> <!-- groupingFeature.GroupingExample -->
