<?xml version="1.0" encoding="UTF-8"?>
<!-- Generated by org.testng.reporters.JUnitReportReporter -->
<testsuite hostname="NOI-2870T02" name="annotations.TestAnnotation" tests="1" failures="0" timestamp="26 Sep 2019 09:37:28 GMT" time="0.000" errors="0">
  <testcase name="testMethod" time="0.000" classname="annotations.TestAnnotation"/>
</testsuite> <!-- annotations.TestAnnotation -->
