<?xml version="1.0" encoding="UTF-8"?>
<!-- Generated by org.testng.reporters.JUnitReportReporter -->
<testsuite hostname="NOI-2870T02" name="annotations.AfterClassExample" tests="3" failures="0" timestamp="26 Sep 2019 09:37:28 GMT" time="0.005" errors="0">
  <testcase name="testMethod" time="0.004" classname="annotations.AfterClassExample"/>
  <testcase name="testMethodTwo" time="0.001" classname="annotations.AfterClassExample"/>
  <testcase name="testMethodThree" time="0.000" classname="annotations.AfterClassExample"/>
</testsuite> <!-- annotations.AfterClassExample -->
