<?xml version="1.0" encoding="UTF-8"?>
<!-- Generated by org.testng.reporters.JUnitReportReporter -->
<testsuite skipped="1" hostname="NOI-2870T02" name="otherFeatures.DependsOnGroupsTestExample" tests="4" failures="0" timestamp="04 Feb 2020 09:57:02 GMT" time="0.011" errors="0">
  <testcase name="myTestC" time="0.001" classname="otherFeatures.DependsOnGroupsTestExample"/>
  <testcase name="myTestB" time="0.009" classname="otherFeatures.DependsOnGroupsTestExample"/>
  <testcase name="myTestA" time="0.000" classname="otherFeatures.DependsOnGroupsTestExample">
    <skipped/>
  </testcase> <!-- myTestA -->
  <testcase name="myTestD" time="0.001" classname="otherFeatures.DependsOnGroupsTestExample"/>
</testsuite> <!-- otherFeatures.DependsOnGroupsTestExample -->
