<?xml version="1.0" encoding="UTF-8"?>
<!-- Generated by org.testng.reporters.JUnitReportReporter -->
<testsuite skipped="0" hostname="NOI-2870T02" name="dataProviders.DataProviderInSeperateClassExample" tests="2" failures="0" timestamp="02 Jan 2020 10:30:49 GMT" time="0.046" errors="0">
  <testcase name="sumOfTwoNums" time="0.044" classname="dataProviders.DataProviderInSeperateClassExample"/>
  <testcase name="sumOfTwoNums" time="0.002" classname="dataProviders.DataProviderInSeperateClassExample"/>
</testsuite> <!-- dataProviders.DataProviderInSeperateClassExample -->
