<?xml version="1.0" encoding="UTF-8"?>
<!-- Generated by org.testng.reporters.JUnitReportReporter -->
<testsuite hostname="NOI-2870T02" name="otherFeatures.DependsOnMultiTestMethodExample" tests="4" failures="0" timestamp="19 Sep 2019 06:01:48 GMT" time="0.023" errors="0">
  <testcase name="myTestA" time="0.001" classname="otherFeatures.DependsOnMultiTestMethodExample"/>
  <testcase name="myTestB" time="0.020" classname="otherFeatures.DependsOnMultiTestMethodExample"/>
  <testcase name="myTestC" time="0.001" classname="otherFeatures.DependsOnMultiTestMethodExample"/>
  <testcase name="myTestD" time="0.001" classname="otherFeatures.DependsOnMultiTestMethodExample"/>
</testsuite> <!-- otherFeatures.DependsOnMultiTestMethodExample -->
