<?xml version="1.0" encoding="UTF-8"?>
<!-- Generated by org.testng.reporters.JUnitReportReporter -->
<testsuite hostname="NOI-2870T02" name="dataProviders.DataProviderExample" tests="2" failures="0" timestamp="19 Sep 2019 07:10:16 GMT" time="0.011" errors="0">
  <testcase name="sumOfTwoNums" time="0.010" classname="dataProviders.DataProviderExample"/>
  <testcase name="sumOfTwoNums" time="0.001" classname="dataProviders.DataProviderExample"/>
</testsuite> <!-- dataProviders.DataProviderExample -->
