<?xml version="1.0" encoding="UTF-8"?>
<!-- Generated by org.testng.reporters.JUnitReportReporter -->
<testsuite skipped="0" hostname="NOI-2870T02" name="otherFeatures.DependsOnInheritedTestMethodExample" tests="4" failures="0" timestamp="04 Feb 2020 09:59:19 GMT" time="0.006" errors="0">
  <testcase name="myTestF" time="0.002" classname="otherFeatures.DependsOnInheritedTestMethodExample"/>
  <testcase name="myTestA" time="0.001" classname="otherFeatures.DependsOnInheritedTestMethodExample"/>
  <testcase name="myTestB" time="0.001" classname="otherFeatures.DependsOnInheritedTestMethodExample"/>
  <testcase name="myTestE" time="0.002" classname="otherFeatures.DependsOnInheritedTestMethodExample"/>
</testsuite> <!-- otherFeatures.DependsOnInheritedTestMethodExample -->
