<?xml version="1.0" encoding="UTF-8"?>
<!-- Generated by org.testng.reporters.JUnitReportReporter -->
<testsuite hostname="NOI-2870T02" name="assertions.AssertTrueExample" tests="2" failures="0" timestamp="19 Sep 2019 04:58:35 GMT" time="0.011" errors="0">
  <testcase name="myTestwithMessage" time="0.001" classname="assertions.AssertTrueExample"/>
  <testcase name="myTest" time="0.010" classname="assertions.AssertTrueExample"/>
</testsuite> <!-- assertions.AssertTrueExample -->
